<?xml version="1.0" encoding="UTF-8"?>
<!-- Generated by org.testng.reporters.JUnitReportReporter -->
<testsuite skipped="0" hostname="BDC4-L-8Y4DZM2" name="com.tests.TestDragAndDrop" tests="1" failures="0" timestamp="19 Apr 2019 05:22:18 GMT" time="15.044" errors="0">
  <testcase name="testDragAndDrop" time="15.044" classname="com.tests.TestDragAndDrop"/>
</testsuite> <!-- com.tests.TestDragAndDrop -->
