<?xml version="1.0" encoding="UTF-8"?>
<!-- Generated by org.testng.reporters.JUnitReportReporter -->
<testsuite skipped="0" hostname="BDC4-L-8Y4DZM2" name="com.tests.ReadDataExcel" tests="1" failures="0" timestamp="22 Apr 2019 05:57:42 GMT" time="0.617" errors="0">
  <testcase name="testReadExcel" time="0.617" classname="com.tests.ReadDataExcel"/>
</testsuite> <!-- com.tests.ReadDataExcel -->
