<?xml version="1.0" encoding="UTF-8"?>
<!-- Generated by org.testng.reporters.JUnitReportReporter -->
<testsuite skipped="0" hostname="BDC4-L-8Y4DZM2" name="com.actions.TestAsyncKeyboardActions" tests="1" failures="0" timestamp="19 Apr 2019 06:47:02 GMT" time="11.688" errors="0">
  <testcase name="testkeyboardActions" time="11.688" classname="com.actions.TestAsyncKeyboardActions"/>
</testsuite> <!-- com.actions.TestAsyncKeyboardActions -->
