<?xml version="1.0" encoding="UTF-8"?>
<!-- Generated by org.testng.reporters.JUnitReportReporter -->
<testsuite skipped="0" hostname="BDC4-L-8Y4DZM2" name="com.tests.NewTestCount" tests="1" failures="0" timestamp="19 Apr 2019 10:31:18 GMT" time="6.334" errors="0">
  <testcase name="testTagCount" time="6.334" classname="com.tests.NewTestCount"/>
</testsuite> <!-- com.tests.NewTestCount -->
