<?xml version="1.0" encoding="UTF-8"?>
<!-- Generated by org.testng.reporters.JUnitReportReporter -->
<testsuite skipped="0" hostname="BDC4-L-8Y4DZM2" name="com.tests.TestCards" tests="1" failures="0" timestamp="19 Apr 2019 04:18:17 GMT" time="23.348" errors="0">
  <testcase name="testHDFC" time="23.348" classname="com.tests.TestCards"/>
</testsuite> <!-- com.tests.TestCards -->
