<?xml version="1.0" encoding="UTF-8"?>
<!-- Generated by org.testng.reporters.JUnitReportReporter -->
<testsuite skipped="0" hostname="BDC4-L-8Y4DZM2" name="com.tests.TestCity" tests="1" failures="0" timestamp="19 Apr 2019 11:18:04 GMT" time="7.038" errors="0">
  <testcase name="testCity" time="7.038" classname="com.tests.TestCity"/>
</testsuite> <!-- com.tests.TestCity -->
